<?xml version="1.0" encoding="UTF-8"?>
<!-- Generated by org.testng.reporters.JUnitReportReporter -->
<testsuite hostname="DESKTOP-BDAKTRG" failures="0" tests="3" name="TestNg.com.paramameter" time="67.538" errors="0" timestamp="2021-11-23T14:48:55 IST" skipped="0">
  <testcase classname="TestNg.com.paramameter" name="credetline" time="20.935"/>
  <system-out/>
  <testcase classname="TestNg.com.paramameter" name="credetline" time="20.091"/>
  <system-out/>
  <testcase classname="TestNg.com.paramameter" name="credetline" time="26.512"/>
  <system-out/>
</testsuite> <!-- TestNg.com.paramameter -->
