<?xml version="1.0" encoding="UTF-8"?>
<!-- Generated by org.testng.reporters.JUnitReportReporter -->
<testsuite hostname="DESKTOP-BDAKTRG" failures="0" tests="1" name="TestNg.com.Chrome_bass" time="4.116" errors="0" timestamp="2021-11-18T22:42:12 IST" skipped="0">
  <testcase classname="TestNg.com.Chrome_bass" name="Totel_case" time="4.116"/>
  <system-out/>
</testsuite> <!-- TestNg.com.Chrome_bass -->
