<?xml version="1.0" encoding="UTF-8"?>
<!-- Generated by org.testng.reporters.JUnitReportReporter -->
<testsuite hostname="DESKTOP-BDAKTRG" failures="0" tests="3" name="com.maven.colour" time="0.035" errors="0" timestamp="2021-11-13T08:55:58 IST" skipped="0">
  <testcase classname="com.maven.colour" name="lop_top" time="0.008"/>
  <system-out/>
  <testcase classname="com.maven.colour" name="mobile_sreach" time="0.005"/>
  <system-out/>
  <testcase classname="com.maven.colour" name="charger_sreach" time="0.022"/>
  <system-out/>
</testsuite> <!-- com.maven.colour -->
