<?xml version="1.0" encoding="UTF-8"?>
<!-- Generated by org.testng.reporters.JUnitReportReporter -->
<testsuite hostname="DESKTOP-BDAKTRG" failures="0" tests="9" name="TestNg.com.Groups" time="0.084" errors="0" timestamp="2021-11-19T09:55:31 IST" skipped="0">
  <testcase classname="TestNg.com.Groups" name="company_name" time="0.025"/>
  <system-out/>
  <testcase classname="TestNg.com.Groups" name="std_name" time="0.019"/>
  <system-out/>
  <testcase classname="TestNg.com.Groups" name="emp_id" time="0.008"/>
  <system-out/>
  <testcase classname="TestNg.com.Groups" name="std_id" time="0.003"/>
  <system-out/>
  <testcase classname="TestNg.com.Groups" name="std_id" time="0.010"/>
  <system-out/>
  <testcase classname="TestNg.com.Groups" name="std_id" time="0.007"/>
  <system-out/>
  <testcase classname="TestNg.com.Groups" name="std_id" time="0.005"/>
  <system-out/>
  <testcase classname="TestNg.com.Groups" name="emp_name" time="0.003"/>
  <system-out/>
  <testcase classname="TestNg.com.Groups" name="company_id" time="0.004"/>
  <system-out/>
</testsuite> <!-- TestNg.com.Groups -->
