<?xml version="1.0" encoding="UTF-8"?>
<!-- Generated by org.testng.reporters.JUnitReportReporter -->
<testsuite hostname="DESKTOP-BDAKTRG" failures="0" tests="2" name="com.maven.Testng" time="0.019" errors="0" timestamp="2021-11-12T11:27:32 IST" skipped="0">
  <testcase classname="com.maven.Testng" name="mobile_search" time="0.006"/>
  <system-out/>
  <testcase classname="com.maven.Testng" name="heatset" time="0.013"/>
  <system-out/>
</testsuite> <!-- com.maven.Testng -->
