<?xml version="1.0" encoding="UTF-8"?>
<!-- Generated by org.testng.reporters.JUnitReportReporter -->
<testsuite hostname="DESKTOP-BDAKTRG" failures="0" tests="9" name="TestNg.com.Ingoner" time="29.907" errors="0" timestamp="2021-11-23T13:13:02 IST" skipped="0">
  <testcase classname="TestNg.com.Ingoner" name="faceBook_luanch" time="3.802"/>
  <system-out/>
  <testcase classname="TestNg.com.Ingoner" name="faceBook_luanch" time="0.922"/>
  <system-out/>
  <testcase classname="TestNg.com.Ingoner" name="faceBook_luanch" time="1.644"/>
  <system-out/>
  <testcase classname="TestNg.com.Ingoner" name="faceBook_luanch" time="1.211"/>
  <system-out/>
  <testcase classname="TestNg.com.Ingoner" name="faceBook_luanch" time="0.868"/>
  <system-out/>
  <testcase classname="TestNg.com.Ingoner" name="Amazon_launch" time="5.616"/>
  <system-out/>
  <testcase classname="TestNg.com.Ingoner" name="fasb_luanch" time="10.860"/>
  <system-out/>
  <testcase classname="TestNg.com.Ingoner" name="Filpkart_luanch" time="3.406"/>
  <system-out/>
  <testcase classname="TestNg.com.Ingoner" name="myntra_luanch" time="1.578"/>
  <system-out/>
</testsuite> <!-- TestNg.com.Ingoner -->
