<?xml version="1.0" encoding="UTF-8"?>
<!-- Generated by org.testng.reporters.JUnitReportReporter -->
<testsuite hostname="DESKTOP-BDAKTRG" failures="0" tests="6" name="TestNg.com.Websites" time="286.782" errors="0" timestamp="2021-11-23T10:00:21 IST" skipped="0">
  <testcase classname="TestNg.com.Websites" name="Google" time="49.832"/>
  <system-out/>
  <testcase classname="TestNg.com.Websites" name="Aleart" time="44.881"/>
  <system-out/>
  <testcase classname="TestNg.com.Websites" name="Myntra" time="53.818"/>
  <system-out/>
  <testcase classname="TestNg.com.Websites" name="FSAB" time="60.696"/>
  <system-out/>
  <testcase classname="TestNg.com.Websites" name="FaceBook" time="32.842"/>
  <system-out/>
  <testcase classname="TestNg.com.Websites" name="Amazon" time="44.713"/>
  <system-out/>
</testsuite> <!-- TestNg.com.Websites -->
