<?xml version="1.0" encoding="UTF-8"?>
<!-- Generated by org.testng.reporters.JUnitReportReporter -->
<testsuite hostname="DESKTOP-BDAKTRG" failures="0" tests="2" name="TestNg.com.Testng" time="6.548" errors="0" timestamp="2021-11-15T23:01:44 IST" skipped="0">
  <testcase classname="TestNg.com.Testng" name="mobile_search" time="6.539"/>
  <system-out/>
  <testcase classname="TestNg.com.Testng" name="heatset" time="0.009"/>
  <system-out/>
</testsuite> <!-- TestNg.com.Testng -->
