<?xml version="1.0" encoding="UTF-8"?>
<!-- Generated by org.testng.reporters.JUnitReportReporter -->
<testsuite hostname="DESKTOP-BDAKTRG" failures="0" tests="3" name="TestNg.com.parameter" time="38.425" errors="0" timestamp="2021-11-23T15:04:15 IST" skipped="0">
  <testcase classname="TestNg.com.parameter" name="credetline" time="10.168"/>
  <system-out/>
  <testcase classname="TestNg.com.parameter" name="credetline" time="13.371"/>
  <system-out/>
  <testcase classname="TestNg.com.parameter" name="credetline" time="14.886"/>
  <system-out/>
</testsuite> <!-- TestNg.com.parameter -->
